{
  message: '🛢 Database is connected Successfully',
  level: 'info',
  label: 'UM',
  timestamp: '2024-09-23T14:03:18.887Z'
}
{
  message: '⚡ Example app listening on port 5050',
  level: 'info',
  label: 'UM',
  timestamp: '2024-09-23T14:03:18.905Z'
}
{
  message: '🛢 Database is connected Successfully',
  level: 'info',
  label: 'UM',
  timestamp: '2024-09-23T14:09:33.223Z'
}
{
  message: '⚡ Example app listening on port 5050',
  level: 'info',
  label: 'UM',
  timestamp: '2024-09-23T14:09:33.242Z'
}
{
  message: '🛢 Database is connected Successfully',
  level: 'info',
  label: 'UM',
  timestamp: '2024-09-23T14:15:04.981Z'
}
{
  message: '⚡ Example app listening on port 5050',
  level: 'info',
  label: 'UM',
  timestamp: '2024-09-23T14:15:05.000Z'
}
{
  message: '🛢 Database is connected Successfully',
  level: 'info',
  label: 'UM',
  timestamp: '2024-09-23T14:15:44.720Z'
}
{
  message: '⚡ Example app listening on port 5050',
  level: 'info',
  label: 'UM',
  timestamp: '2024-09-23T14:15:44.735Z'
}
{
  message: '🛢 Database is connected Successfully',
  level: 'info',
  label: 'UM',
  timestamp: '2024-09-23T14:20:50.005Z'
}
{
  message: '⚡ Example app listening on port 5050',
  level: 'info',
  label: 'UM',
  timestamp: '2024-09-23T14:20:50.021Z'
}
{
  message: '🛢 Database is connected Successfully',
  level: 'info',
  label: 'UM',
  timestamp: '2024-09-23T14:23:10.604Z'
}
{
  message: '⚡ Example app listening on port 5050',
  level: 'info',
  label: 'UM',
  timestamp: '2024-09-23T14:23:10.624Z'
}
{
  message: '🛢 Database is connected Successfully',
  level: 'info',
  label: 'UM',
  timestamp: '2024-09-23T14:33:01.561Z'
}
{
  message: '⚡ Example app listening on port 5050',
  level: 'info',
  label: 'UM',
  timestamp: '2024-09-23T14:33:01.578Z'
}
{
  message: '🛢 Database is connected Successfully',
  level: 'info',
  label: 'UM',
  timestamp: '2024-09-23T14:35:45.772Z'
}
{
  message: '⚡ Example app listening on port 5050',
  level: 'info',
  label: 'UM',
  timestamp: '2024-09-23T14:35:45.790Z'
}
{
  message: '🛢 Database is connected Successfully',
  level: 'info',
  label: 'UM',
  timestamp: '2024-09-23T14:35:57.075Z'
}
{
  message: '⚡ Example app listening on port 5050',
  level: 'info',
  label: 'UM',
  timestamp: '2024-09-23T14:35:57.093Z'
}
{
  message: '🛢 Database is connected Successfully',
  level: 'info',
  label: 'UM',
  timestamp: '2024-09-23T14:36:23.469Z'
}
{
  message: '⚡ Example app listening on port 5050',
  level: 'info',
  label: 'UM',
  timestamp: '2024-09-23T14:36:23.485Z'
}
{
  message: '🛢 Database is connected Successfully',
  level: 'info',
  label: 'UM',
  timestamp: '2024-09-23T14:38:58.548Z'
}
{
  message: '⚡ Example app listening on port 5050',
  level: 'info',
  label: 'UM',
  timestamp: '2024-09-23T14:38:58.563Z'
}
{
  message: '🛢 Database is connected Successfully',
  level: 'info',
  label: 'UM',
  timestamp: '2024-09-23T14:39:24.672Z'
}
{
  message: '⚡ Example app listening on port 5050',
  level: 'info',
  label: 'UM',
  timestamp: '2024-09-23T14:39:24.735Z'
}
{
  message: '🛢 Database is connected Successfully',
  level: 'info',
  label: 'UM',
  timestamp: '2024-09-23T14:39:29.910Z'
}
{
  message: '⚡ Example app listening on port 5050',
  level: 'info',
  label: 'UM',
  timestamp: '2024-09-23T14:39:29.928Z'
}
{
  message: '🛢 Database is connected Successfully',
  level: 'info',
  label: 'UM',
  timestamp: '2024-09-23T14:43:41.503Z'
}
{
  message: '⚡ Example app listening on port 5050',
  level: 'info',
  label: 'UM',
  timestamp: '2024-09-23T14:43:41.524Z'
}
{
  message: '🛢 Database is connected Successfully',
  level: 'info',
  label: 'UM',
  timestamp: '2024-09-23T14:45:01.830Z'
}
{
  message: '⚡ Example app listening on port 5050',
  level: 'info',
  label: 'UM',
  timestamp: '2024-09-23T14:45:01.848Z'
}
{
  message: '🛢 Database is connected Successfully',
  level: 'info',
  label: 'UM',
  timestamp: '2024-09-23T14:45:24.751Z'
}
{
  message: '⚡ Example app listening on port 5050',
  level: 'info',
  label: 'UM',
  timestamp: '2024-09-23T14:45:24.772Z'
}
{
  message: '🛢 Database is connected Successfully',
  level: 'info',
  label: 'UM',
  timestamp: '2024-09-23T14:45:36.076Z'
}
{
  message: '⚡ Example app listening on port 5050',
  level: 'info',
  label: 'UM',
  timestamp: '2024-09-23T14:45:36.094Z'
}
{
  message: '🛢 Database is connected Successfully',
  level: 'info',
  label: 'UM',
  timestamp: '2024-09-23T14:45:58.815Z'
}
{
  message: '⚡ Example app listening on port 5050',
  level: 'info',
  label: 'UM',
  timestamp: '2024-09-23T14:45:58.838Z'
}
{
  message: '🛢 Database is connected Successfully',
  level: 'info',
  label: 'UM',
  timestamp: '2024-09-23T14:48:54.621Z'
}
{
  message: '⚡ Example app listening on port 5050',
  level: 'info',
  label: 'UM',
  timestamp: '2024-09-23T14:48:54.634Z'
}
{
  message: '🛢 Database is connected Successfully',
  level: 'info',
  label: 'UM',
  timestamp: '2024-09-23T14:49:07.391Z'
}
{
  message: '⚡ Example app listening on port 5050',
  level: 'info',
  label: 'UM',
  timestamp: '2024-09-23T14:49:07.412Z'
}
{
  message: '🛢 Database is connected Successfully',
  level: 'info',
  label: 'UM',
  timestamp: '2024-09-23T14:55:34.020Z'
}
{
  message: '⚡ Example app listening on port 5050',
  level: 'info',
  label: 'UM',
  timestamp: '2024-09-23T14:55:34.034Z'
}
{
  message: '🛢 Database is connected Successfully',
  level: 'info',
  label: 'UM',
  timestamp: '2024-09-23T14:55:58.925Z'
}
{
  message: '⚡ Example app listening on port 5050',
  level: 'info',
  label: 'UM',
  timestamp: '2024-09-23T14:55:58.942Z'
}
{
  message: '🛢 Database is connected Successfully',
  level: 'info',
  label: 'UM',
  timestamp: '2024-09-23T14:59:52.423Z'
}
{
  message: '⚡ Example app listening on port 5050',
  level: 'info',
  label: 'UM',
  timestamp: '2024-09-23T14:59:52.445Z'
}
