{
  message: '🛢 Database is connected Successfully',
  level: 'info',
  label: 'UM',
  timestamp: '2024-09-24T10:09:59.149Z'
}
{
  message: '⚡ Example app listening on port 5050',
  level: 'info',
  label: 'UM',
  timestamp: '2024-09-24T10:09:59.167Z'
}
{
  message: '🛢 Database is connected Successfully',
  level: 'info',
  label: 'UM',
  timestamp: '2024-09-24T10:11:03.746Z'
}
{
  message: '⚡ Example app listening on port 5050',
  level: 'info',
  label: 'UM',
  timestamp: '2024-09-24T10:11:03.763Z'
}
