{
  message: '🛢 Database is connected Successfully',
  level: 'info',
  label: 'UM',
  timestamp: '2024-09-25T02:07:10.263Z'
}
{
  message: '⚡ Example app listening on port 5000',
  level: 'info',
  label: 'UM',
  timestamp: '2024-09-25T02:07:10.288Z'
}
{
  message: '🛢 Database is connected Successfully',
  level: 'info',
  label: 'UM',
  timestamp: '2024-09-25T02:13:36.330Z'
}
{
  message: '⚡ Example app listening on port 5050',
  level: 'info',
  label: 'UM',
  timestamp: '2024-09-25T02:13:36.347Z'
}
{
  message: '🛢 Database is connected Successfully',
  level: 'info',
  label: 'UM',
  timestamp: '2024-09-25T02:17:56.668Z'
}
{
  message: '⚡ Example app listening on port 5050',
  level: 'info',
  label: 'UM',
  timestamp: '2024-09-25T02:17:56.685Z'
}
