{
  message: '🛢 Database is connected Successfully',
  level: 'info',
  label: 'UM',
  timestamp: '2024-09-26T14:46:53.542Z'
}
{
  message: '⚡ Example app listening on port 5050',
  level: 'info',
  label: 'UM',
  timestamp: '2024-09-26T14:46:53.557Z'
}
{
  message: '🛢 Database is connected Successfully',
  level: 'info',
  label: 'UM',
  timestamp: '2024-09-26T14:49:26.636Z'
}
{
  message: '⚡ Example app listening on port 5050',
  level: 'info',
  label: 'UM',
  timestamp: '2024-09-26T14:49:26.654Z'
}
